<?xml version="1.0" encoding="UTF-8"?>
<testng-results ignored="0" total="2" passed="2" failed="0" skipped="0">
  <reporter-output>
  </reporter-output>
  <suite started-at="2022-02-21T19:22:41 IST" name="Suite" finished-at="2022-02-21T19:23:29 IST" duration-ms="47497">
    <groups>
    </groups>
    <test started-at="2022-02-21T19:22:41 IST" name="Test" finished-at="2022-02-21T19:23:29 IST" duration-ms="47497">
      <class name="com.qa.tests.ScenarioTest">
        <test-method is-config="true" signature="setup(java.lang.String,java.lang.String,java.lang.String)[pri:0, instance:com.qa.tests.ScenarioTest@8462f31]" started-at="2022-02-21T19:22:34 IST" name="setup" finished-at="2022-02-21T19:22:41 IST" duration-ms="7579" status="PASS">
          <params>
            <param index="0">
              <value>
                <![CDATA[Android]]>
              </value>
            </param>
            <param index="1">
              <value>
                <![CDATA[emulator-5554]]>
              </value>
            </param>
            <param index="2">
              <value>
                <![CDATA[Pixel 4]]>
              </value>
            </param>
          </params>
          <reporter-output>
          </reporter-output>
        </test-method> <!-- setup -->
        <test-method is-config="true" signature="beforeClass()[pri:0, instance:com.qa.tests.ScenarioTest@8462f31]" started-at="2022-02-21T19:22:41 IST" name="beforeClass" finished-at="2022-02-21T19:22:41 IST" duration-ms="8" status="PASS">
          <reporter-output>
          </reporter-output>
        </test-method> <!-- beforeClass -->
        <test-method is-config="true" signature="beforeMethod(java.lang.reflect.Method)[pri:0, instance:com.qa.tests.ScenarioTest@8462f31]" started-at="2022-02-21T19:22:41 IST" name="beforeMethod" finished-at="2022-02-21T19:22:43 IST" duration-ms="2310" status="PASS">
          <params>
            <param index="0">
              <value>
                <![CDATA[public void com.qa.tests.ScenarioTest.scenario1()]]>
              </value>
            </param>
          </params>
          <reporter-output>
          </reporter-output>
        </test-method> <!-- beforeMethod -->
        <test-method signature="scenario1()[pri:0, instance:com.qa.tests.ScenarioTest@8462f31]" started-at="2022-02-21T19:22:43 IST" name="scenario1" finished-at="2022-02-21T19:23:04 IST" duration-ms="20438" status="PASS">
          <reporter-output>
          </reporter-output>
        </test-method> <!-- scenario1 -->
        <test-method is-config="true" signature="beforeMethod(java.lang.reflect.Method)[pri:0, instance:com.qa.tests.ScenarioTest@8462f31]" started-at="2022-02-21T19:23:04 IST" name="beforeMethod" finished-at="2022-02-21T19:23:06 IST" duration-ms="1793" status="PASS">
          <params>
            <param index="0">
              <value>
                <![CDATA[public void com.qa.tests.ScenarioTest.scenario2()]]>
              </value>
            </param>
          </params>
          <reporter-output>
          </reporter-output>
        </test-method> <!-- beforeMethod -->
        <test-method is-config="true" signature="afterMethod()[pri:0, instance:com.qa.tests.ScenarioTest@8462f31]" started-at="2022-02-21T19:23:04 IST" name="afterMethod" finished-at="2022-02-21T19:23:04 IST" duration-ms="0" status="PASS">
          <reporter-output>
          </reporter-output>
        </test-method> <!-- afterMethod -->
        <test-method signature="scenario2()[pri:0, instance:com.qa.tests.ScenarioTest@8462f31]" started-at="2022-02-21T19:23:06 IST" name="scenario2" finished-at="2022-02-21T19:23:29 IST" duration-ms="22901" status="PASS">
          <reporter-output>
          </reporter-output>
        </test-method> <!-- scenario2 -->
        <test-method is-config="true" signature="afterMethod()[pri:0, instance:com.qa.tests.ScenarioTest@8462f31]" started-at="2022-02-21T19:23:29 IST" name="afterMethod" finished-at="2022-02-21T19:23:29 IST" duration-ms="1" status="PASS">
          <reporter-output>
          </reporter-output>
        </test-method> <!-- afterMethod -->
        <test-method is-config="true" signature="afterClass()[pri:0, instance:com.qa.tests.ScenarioTest@8462f31]" started-at="2022-02-21T19:23:29 IST" name="afterClass" finished-at="2022-02-21T19:23:29 IST" duration-ms="1" status="PASS">
          <reporter-output>
          </reporter-output>
        </test-method> <!-- afterClass -->
        <test-method is-config="true" signature="tearDown()[pri:0, instance:com.qa.tests.ScenarioTest@8462f31]" started-at="2022-02-21T19:23:29 IST" name="tearDown" finished-at="2022-02-21T19:23:29 IST" duration-ms="1" status="PASS">
          <reporter-output>
          </reporter-output>
        </test-method> <!-- tearDown -->
        <test-method is-config="true" signature="afterSuite()[pri:0, instance:com.qa.tests.ScenarioTest@8462f31]" started-at="2022-02-21T19:23:29 IST" name="afterSuite" finished-at="2022-02-21T19:23:29 IST" duration-ms="0" status="PASS">
          <reporter-output>
          </reporter-output>
        </test-method> <!-- afterSuite -->
      </class> <!-- com.qa.tests.ScenarioTest -->
    </test> <!-- Test -->
  </suite> <!-- Suite -->
</testng-results>
